2015-11-10 15:26:56 10fc InnoDB: Warning: Using innodb_additional_mem_pool_size is DEPRECATED. This option may be removed in future releases, together with the option innodb_use_sys_malloc and with the InnoDB's internal memory allocator.
2015-11-10 15:26:56 4348 [Note] InnoDB: Using mutexes to ref count buffer pool pages
2015-11-10 15:26:56 4348 [Note] InnoDB: The InnoDB memory heap is disabled
2015-11-10 15:26:56 4348 [Note] InnoDB: Mutexes and rw_locks use Windows interlocked functions
2015-11-10 15:26:56 4348 [Note] InnoDB: Memory barrier is not used
2015-11-10 15:26:56 4348 [Note] InnoDB: Compressed tables use zlib 1.2.3
2015-11-10 15:26:56 4348 [Note] InnoDB: Not using CPU crc32 instructions
2015-11-10 15:26:56 4348 [Note] InnoDB: Initializing buffer pool, size = 16.0M
2015-11-10 15:26:56 4348 [Note] InnoDB: Completed initialization of buffer pool
2015-11-10 15:26:56 4348 [Note] InnoDB: Highest supported file format is Barracuda.
2015-11-10 15:26:57 4348 [Note] InnoDB: 128 rollback segment(s) are active.
2015-11-10 15:26:57 4348 [Note] InnoDB: Waiting for purge to start
2015-11-10 15:26:57 4348 [Note] InnoDB:  Percona XtraDB (http://www.percona.com) 5.6.26-74.0 started; log sequence number 1835027
2015-11-10 15:26:57 6140 [Note] InnoDB: Dumping buffer pool(s) not yet started
2015-11-10 15:26:57 4348 [Note] Plugin 'FEEDBACK' is disabled.
2015-11-10 15:26:57 4348 [Note] Server socket created on IP: '::'.
2015-11-10 15:26:57 4348 [Note] Event Scheduler: Loaded 0 events
2015-11-10 15:26:57 4348 [Note] C:\xampp\mysql\bin\mysqld.exe: ready for connections.
Version: '10.1.8-MariaDB'  socket: ''  port: 3306  mariadb.org binary distribution
2015-11-10 15:27:11 5152 [Note] C:\xampp\mysql\bin\mysqld.exe: Normal shutdown

2015-11-10 15:27:11 5152 [Note] Event Scheduler: Purging the queue. 0 events
2015-11-10 15:27:11 5732 [Note] InnoDB: FTS optimize thread exiting.
2015-11-10 15:27:11 5152 [Note] InnoDB: Starting shutdown...
2015-11-10 15:27:13 5152 [Note] InnoDB: Shutdown completed; log sequence number 1835037
2015-11-10 15:27:13 5152 [Note] C:\xampp\mysql\bin\mysqld.exe: Shutdown complete

2018-09-09 19:42:43 27c4 InnoDB: Warning: Using innodb_additional_mem_pool_size is DEPRECATED. This option may be removed in future releases, together with the option innodb_use_sys_malloc and with the InnoDB's internal memory allocator.
2018-09-09 19:42:43 10180 [Note] InnoDB: innodb_empty_free_list_algorithm has been changed to legacy because of small buffer pool size. In order to use backoff, increase buffer pool at least up to 20MB.

2018-09-09 19:42:43 10180 [Note] InnoDB: Using mutexes to ref count buffer pool pages
2018-09-09 19:42:43 10180 [Note] InnoDB: The InnoDB memory heap is disabled
2018-09-09 19:42:43 10180 [Note] InnoDB: Mutexes and rw_locks use Windows interlocked functions
2018-09-09 19:42:43 10180 [Note] InnoDB: _mm_lfence() and _mm_sfence() are used for memory barrier
2018-09-09 19:42:43 10180 [Note] InnoDB: Compressed tables use zlib 1.2.3
2018-09-09 19:42:43 10180 [Note] InnoDB: Using generic crc32 instructions
2018-09-09 19:42:43 10180 [Note] InnoDB: Initializing buffer pool, size = 16.0M
2018-09-09 19:42:43 10180 [Note] InnoDB: Completed initialization of buffer pool
2018-09-09 19:42:43 10180 [Note] InnoDB: Highest supported file format is Barracuda.
2018-09-09 19:42:43 10180 [Note] InnoDB: 128 rollback segment(s) are active.
2018-09-09 19:42:43 10180 [Note] InnoDB: Waiting for purge to start
2018-09-09 19:42:43 10180 [Note] InnoDB:  Percona XtraDB (http://www.percona.com) 5.6.39-83.1 started; log sequence number 1835037
2018-09-09 19:42:43 11548 [Note] InnoDB: Dumping buffer pool(s) not yet started
2018-09-09 19:42:43 10180 [Note] Plugin 'FEEDBACK' is disabled.
2018-09-09 19:42:43 10180 [Note] Server socket created on IP: '::'.
2018-09-09 19:42:44 10180 [Note] c:\xampp\mysql\bin\mysqld.exe: ready for connections.
Version: '10.1.35-MariaDB'  socket: ''  port: 3306  mariadb.org binary distribution
2018-09-09 20:35:29 4892 [ERROR] Incorrect definition of table mysql.column_stats: expected column 'min_value' at position 3 to have type varbinary(255), found type varchar(255).
2018-09-09 20:35:29 4892 [ERROR] Incorrect definition of table mysql.column_stats: expected column 'max_value' at position 4 to have type varbinary(255), found type varchar(255).
2018-09-09 21:14:09 9080 [ERROR] Incorrect definition of table mysql.column_stats: expected column 'min_value' at position 3 to have type varbinary(255), found type varchar(255).
2018-09-09 21:14:09 9080 [ERROR] Incorrect definition of table mysql.column_stats: expected column 'max_value' at position 4 to have type varbinary(255), found type varchar(255).
2018-09-09 21:14:48 12392 [ERROR] Incorrect definition of table mysql.column_stats: expected column 'min_value' at position 3 to have type varbinary(255), found type varchar(255).
2018-09-09 21:14:48 12392 [ERROR] Incorrect definition of table mysql.column_stats: expected column 'max_value' at position 4 to have type varbinary(255), found type varchar(255).
2018-09-10 22:37:33 2e0 InnoDB: Warning: Using innodb_additional_mem_pool_size is DEPRECATED. This option may be removed in future releases, together with the option innodb_use_sys_malloc and with the InnoDB's internal memory allocator.
2018-09-10 22:37:33 736 [Note] InnoDB: innodb_empty_free_list_algorithm has been changed to legacy because of small buffer pool size. In order to use backoff, increase buffer pool at least up to 20MB.

2018-09-10 22:37:33 736 [Note] InnoDB: Using mutexes to ref count buffer pool pages
2018-09-10 22:37:33 736 [Note] InnoDB: The InnoDB memory heap is disabled
2018-09-10 22:37:33 736 [Note] InnoDB: Mutexes and rw_locks use Windows interlocked functions
2018-09-10 22:37:33 736 [Note] InnoDB: _mm_lfence() and _mm_sfence() are used for memory barrier
2018-09-10 22:37:33 736 [Note] InnoDB: Compressed tables use zlib 1.2.3
2018-09-10 22:37:33 736 [Note] InnoDB: Using generic crc32 instructions
2018-09-10 22:37:33 736 [Note] InnoDB: Initializing buffer pool, size = 16.0M
2018-09-10 22:37:33 736 [Note] InnoDB: Completed initialization of buffer pool
2018-09-10 22:37:33 736 [Note] InnoDB: Highest supported file format is Barracuda.
2018-09-10 22:37:33 736 [Note] InnoDB: The log sequence number 1835037 in ibdata file do not match the log sequence number 1862130 in the ib_logfiles!
2018-09-10 22:37:33 736 [Note] InnoDB: Restoring possible half-written data pages from the doublewrite buffer...
2018-09-10 22:37:34 736 [Note] InnoDB: 128 rollback segment(s) are active.
2018-09-10 22:37:34 736 [Note] InnoDB: Waiting for purge to start
2018-09-10 22:37:34 736 [Note] InnoDB:  Percona XtraDB (http://www.percona.com) 5.6.39-83.1 started; log sequence number 1862130
2018-09-10 22:37:34 5888 [Note] InnoDB: Dumping buffer pool(s) not yet started
2018-09-10 22:37:34 736 [Note] Plugin 'FEEDBACK' is disabled.
2018-09-10 22:37:34 736 [Note] Server socket created on IP: '::'.
2018-09-10 22:37:34 736 [Note] c:\xampp\mysql\bin\mysqld.exe: ready for connections.
Version: '10.1.35-MariaDB'  socket: ''  port: 3306  mariadb.org binary distribution
2018-09-11 21:45:05 2088 InnoDB: Warning: Using innodb_additional_mem_pool_size is DEPRECATED. This option may be removed in future releases, together with the option innodb_use_sys_malloc and with the InnoDB's internal memory allocator.
2018-09-11 21:45:05 8328 [Note] InnoDB: innodb_empty_free_list_algorithm has been changed to legacy because of small buffer pool size. In order to use backoff, increase buffer pool at least up to 20MB.

2018-09-11 21:45:05 8328 [Note] InnoDB: Using mutexes to ref count buffer pool pages
2018-09-11 21:45:05 8328 [Note] InnoDB: The InnoDB memory heap is disabled
2018-09-11 21:45:05 8328 [Note] InnoDB: Mutexes and rw_locks use Windows interlocked functions
2018-09-11 21:45:05 8328 [Note] InnoDB: _mm_lfence() and _mm_sfence() are used for memory barrier
2018-09-11 21:45:05 8328 [Note] InnoDB: Compressed tables use zlib 1.2.3
2018-09-11 21:45:05 8328 [Note] InnoDB: Using generic crc32 instructions
2018-09-11 21:45:05 8328 [Note] InnoDB: Initializing buffer pool, size = 16.0M
2018-09-11 21:45:05 8328 [Note] InnoDB: Completed initialization of buffer pool
2018-09-11 21:45:05 8328 [Note] InnoDB: Highest supported file format is Barracuda.
2018-09-11 21:45:05 8328 [Note] InnoDB: The log sequence number 1835037 in ibdata file do not match the log sequence number 1870284 in the ib_logfiles!
2018-09-11 21:45:05 8328 [Note] InnoDB: Restoring possible half-written data pages from the doublewrite buffer...
2018-09-11 21:45:06 8328 [Note] InnoDB: 128 rollback segment(s) are active.
2018-09-11 21:45:06 8328 [Note] InnoDB: Waiting for purge to start
2018-09-11 21:45:06 8328 [Note] InnoDB:  Percona XtraDB (http://www.percona.com) 5.6.39-83.1 started; log sequence number 1870284
2018-09-11 21:45:06 10324 [Note] InnoDB: Dumping buffer pool(s) not yet started
2018-09-11 21:45:06 8328 [Note] Plugin 'FEEDBACK' is disabled.
2018-09-11 21:45:06 8328 [Note] Server socket created on IP: '::'.
2018-09-11 21:45:06 8328 [Note] c:\xampp\mysql\bin\mysqld.exe: ready for connections.
Version: '10.1.35-MariaDB'  socket: ''  port: 3306  mariadb.org binary distribution
2018-09-11 22:04:18 1fa0 InnoDB: Warning: Using innodb_additional_mem_pool_size is DEPRECATED. This option may be removed in future releases, together with the option innodb_use_sys_malloc and with the InnoDB's internal memory allocator.
2018-09-11 22:04:18 8096 [Note] InnoDB: innodb_empty_free_list_algorithm has been changed to legacy because of small buffer pool size. In order to use backoff, increase buffer pool at least up to 20MB.

2018-09-11 22:04:18 8096 [Note] InnoDB: Using mutexes to ref count buffer pool pages
2018-09-11 22:04:18 8096 [Note] InnoDB: The InnoDB memory heap is disabled
2018-09-11 22:04:18 8096 [Note] InnoDB: Mutexes and rw_locks use Windows interlocked functions
2018-09-11 22:04:18 8096 [Note] InnoDB: _mm_lfence() and _mm_sfence() are used for memory barrier
2018-09-11 22:04:18 8096 [Note] InnoDB: Compressed tables use zlib 1.2.3
2018-09-11 22:04:18 8096 [Note] InnoDB: Using generic crc32 instructions
2018-09-11 22:04:18 8096 [Note] InnoDB: Initializing buffer pool, size = 16.0M
2018-09-11 22:04:18 8096 [Note] InnoDB: Completed initialization of buffer pool
2018-09-11 22:04:18 8096 [Note] InnoDB: Highest supported file format is Barracuda.
2018-09-11 22:04:18 8096 [Note] InnoDB: The log sequence number 1835037 in ibdata file do not match the log sequence number 1870294 in the ib_logfiles!
2018-09-11 22:04:18 8096 [Note] InnoDB: Restoring possible half-written data pages from the doublewrite buffer...
2018-09-11 22:04:19 8096 [Note] InnoDB: 128 rollback segment(s) are active.
2018-09-11 22:04:19 8096 [Note] InnoDB: Waiting for purge to start
2018-09-11 22:04:19 8096 [Note] InnoDB:  Percona XtraDB (http://www.percona.com) 5.6.39-83.1 started; log sequence number 1870294
2018-09-11 22:04:19 7924 [Note] InnoDB: Dumping buffer pool(s) not yet started
2018-09-11 22:04:19 8096 [Note] Plugin 'FEEDBACK' is disabled.
2018-09-11 22:04:19 8096 [Note] Server socket created on IP: '::'.
2018-09-11 22:04:19 8096 [Note] c:\xampp\mysql\bin\mysqld.exe: ready for connections.
Version: '10.1.35-MariaDB'  socket: ''  port: 3306  mariadb.org binary distribution
2018-09-15 14:52:44 155c InnoDB: Warning: Using innodb_additional_mem_pool_size is DEPRECATED. This option may be removed in future releases, together with the option innodb_use_sys_malloc and with the InnoDB's internal memory allocator.
2018-09-15 14:52:44 5468 [Note] InnoDB: innodb_empty_free_list_algorithm has been changed to legacy because of small buffer pool size. In order to use backoff, increase buffer pool at least up to 20MB.

2018-09-15 14:52:44 5468 [Note] InnoDB: Using mutexes to ref count buffer pool pages
2018-09-15 14:52:44 5468 [Note] InnoDB: The InnoDB memory heap is disabled
2018-09-15 14:52:44 5468 [Note] InnoDB: Mutexes and rw_locks use Windows interlocked functions
2018-09-15 14:52:44 5468 [Note] InnoDB: _mm_lfence() and _mm_sfence() are used for memory barrier
2018-09-15 14:52:44 5468 [Note] InnoDB: Compressed tables use zlib 1.2.3
2018-09-15 14:52:44 5468 [Note] InnoDB: Using generic crc32 instructions
2018-09-15 14:52:44 5468 [Note] InnoDB: Initializing buffer pool, size = 16.0M
2018-09-15 14:52:44 5468 [Note] InnoDB: Completed initialization of buffer pool
2018-09-15 14:52:44 5468 [Note] InnoDB: Highest supported file format is Barracuda.
2018-09-15 14:52:44 5468 [Note] InnoDB: The log sequence number 1835037 in ibdata file do not match the log sequence number 1942760 in the ib_logfiles!
2018-09-15 14:52:44 5468 [Note] InnoDB: Restoring possible half-written data pages from the doublewrite buffer...
2018-09-15 14:52:45 5468 [Note] InnoDB: 128 rollback segment(s) are active.
2018-09-15 14:52:45 5468 [Note] InnoDB: Waiting for purge to start
2018-09-15 14:52:45 5468 [Note] InnoDB:  Percona XtraDB (http://www.percona.com) 5.6.39-83.1 started; log sequence number 1942760
2018-09-15 14:52:45 13508 [Note] InnoDB: Dumping buffer pool(s) not yet started
2018-09-15 14:52:45 5468 [Note] Plugin 'FEEDBACK' is disabled.
2018-09-15 14:52:45 5468 [Note] Server socket created on IP: '::'.
2018-09-15 14:52:45 5468 [Note] c:\xampp\mysql\bin\mysqld.exe: ready for connections.
Version: '10.1.35-MariaDB'  socket: ''  port: 3306  mariadb.org binary distribution
2018-09-16 10:52:47 edc InnoDB: Warning: Using innodb_additional_mem_pool_size is DEPRECATED. This option may be removed in future releases, together with the option innodb_use_sys_malloc and with the InnoDB's internal memory allocator.
2018-09-16 10:52:47 3804 [Note] InnoDB: innodb_empty_free_list_algorithm has been changed to legacy because of small buffer pool size. In order to use backoff, increase buffer pool at least up to 20MB.

2018-09-16 10:52:47 3804 [Note] InnoDB: Using mutexes to ref count buffer pool pages
2018-09-16 10:52:47 3804 [Note] InnoDB: The InnoDB memory heap is disabled
2018-09-16 10:52:47 3804 [Note] InnoDB: Mutexes and rw_locks use Windows interlocked functions
2018-09-16 10:52:47 3804 [Note] InnoDB: _mm_lfence() and _mm_sfence() are used for memory barrier
2018-09-16 10:52:47 3804 [Note] InnoDB: Compressed tables use zlib 1.2.3
2018-09-16 10:52:47 3804 [Note] InnoDB: Using generic crc32 instructions
2018-09-16 10:52:47 3804 [Note] InnoDB: Initializing buffer pool, size = 16.0M
2018-09-16 10:52:47 3804 [Note] InnoDB: Completed initialization of buffer pool
2018-09-16 10:52:47 3804 [Note] InnoDB: Highest supported file format is Barracuda.
2018-09-16 10:52:47 3804 [Note] InnoDB: The log sequence number 1835037 in ibdata file do not match the log sequence number 1942985 in the ib_logfiles!
2018-09-16 10:52:47 3804 [Note] InnoDB: Restoring possible half-written data pages from the doublewrite buffer...
2018-09-16 10:52:48 3804 [Note] InnoDB: 128 rollback segment(s) are active.
2018-09-16 10:52:48 3804 [Note] InnoDB: Waiting for purge to start
2018-09-16 10:52:48 3804 [Note] InnoDB:  Percona XtraDB (http://www.percona.com) 5.6.39-83.1 started; log sequence number 1942985
2018-09-16 10:52:48 9184 [Note] InnoDB: Dumping buffer pool(s) not yet started
2018-09-16 10:52:48 3804 [Note] Plugin 'FEEDBACK' is disabled.
2018-09-16 10:52:48 3804 [Note] Server socket created on IP: '::'.
2018-09-16 10:52:48 3804 [Note] c:\xampp\mysql\bin\mysqld.exe: ready for connections.
Version: '10.1.35-MariaDB'  socket: ''  port: 3306  mariadb.org binary distribution
2018-09-16 11:03:50 2ef0 InnoDB: Warning: Using innodb_additional_mem_pool_size is DEPRECATED. This option may be removed in future releases, together with the option innodb_use_sys_malloc and with the InnoDB's internal memory allocator.
2018-09-16 11:03:50 12016 [Note] InnoDB: innodb_empty_free_list_algorithm has been changed to legacy because of small buffer pool size. In order to use backoff, increase buffer pool at least up to 20MB.

2018-09-16 11:03:50 12016 [Note] InnoDB: Using mutexes to ref count buffer pool pages
2018-09-16 11:03:50 12016 [Note] InnoDB: The InnoDB memory heap is disabled
2018-09-16 11:03:50 12016 [Note] InnoDB: Mutexes and rw_locks use Windows interlocked functions
2018-09-16 11:03:50 12016 [Note] InnoDB: _mm_lfence() and _mm_sfence() are used for memory barrier
2018-09-16 11:03:50 12016 [Note] InnoDB: Compressed tables use zlib 1.2.3
2018-09-16 11:03:50 12016 [Note] InnoDB: Using generic crc32 instructions
2018-09-16 11:03:50 12016 [Note] InnoDB: Initializing buffer pool, size = 16.0M
2018-09-16 11:03:50 12016 [Note] InnoDB: Completed initialization of buffer pool
2018-09-16 11:03:50 12016 [Note] InnoDB: Highest supported file format is Barracuda.
2018-09-16 11:03:50 12016 [Note] InnoDB: The log sequence number 1835037 in ibdata file do not match the log sequence number 1942995 in the ib_logfiles!
2018-09-16 11:03:50 12016 [Note] InnoDB: Restoring possible half-written data pages from the doublewrite buffer...
2018-09-16 11:03:51 12016 [Note] InnoDB: 128 rollback segment(s) are active.
2018-09-16 11:03:51 12016 [Note] InnoDB: Waiting for purge to start
2018-09-16 11:03:51 12016 [Note] InnoDB:  Percona XtraDB (http://www.percona.com) 5.6.39-83.1 started; log sequence number 1942995
2018-09-16 11:03:51 5108 [Note] InnoDB: Dumping buffer pool(s) not yet started
2018-09-16 11:03:51 12016 [Note] Plugin 'FEEDBACK' is disabled.
2018-09-16 11:03:51 12016 [Note] Server socket created on IP: '::'.
2018-09-16 11:03:51 12016 [Note] c:\xampp\mysql\bin\mysqld.exe: ready for connections.
Version: '10.1.35-MariaDB'  socket: ''  port: 3306  mariadb.org binary distribution
2018-09-16 17:33:21 190c InnoDB: Warning: Using innodb_additional_mem_pool_size is DEPRECATED. This option may be removed in future releases, together with the option innodb_use_sys_malloc and with the InnoDB's internal memory allocator.
2018-09-16 17:33:21 6412 [Note] InnoDB: innodb_empty_free_list_algorithm has been changed to legacy because of small buffer pool size. In order to use backoff, increase buffer pool at least up to 20MB.

2018-09-16 17:33:21 6412 [Note] InnoDB: Using mutexes to ref count buffer pool pages
2018-09-16 17:33:21 6412 [Note] InnoDB: The InnoDB memory heap is disabled
2018-09-16 17:33:21 6412 [Note] InnoDB: Mutexes and rw_locks use Windows interlocked functions
2018-09-16 17:33:21 6412 [Note] InnoDB: _mm_lfence() and _mm_sfence() are used for memory barrier
2018-09-16 17:33:21 6412 [Note] InnoDB: Compressed tables use zlib 1.2.3
2018-09-16 17:33:21 6412 [Note] InnoDB: Using generic crc32 instructions
2018-09-16 17:33:21 6412 [Note] InnoDB: Initializing buffer pool, size = 16.0M
2018-09-16 17:33:21 6412 [Note] InnoDB: Completed initialization of buffer pool
2018-09-16 17:33:21 6412 [Note] InnoDB: Highest supported file format is Barracuda.
2018-09-16 17:33:21 6412 [Note] InnoDB: The log sequence number 1835037 in ibdata file do not match the log sequence number 1965328 in the ib_logfiles!
2018-09-16 17:33:22 6412 [Note] InnoDB: Restoring possible half-written data pages from the doublewrite buffer...
2018-09-16 17:33:22 6412 [Note] InnoDB: 128 rollback segment(s) are active.
2018-09-16 17:33:22 6412 [Note] InnoDB: Waiting for purge to start
2018-09-16 17:33:22 6412 [Note] InnoDB:  Percona XtraDB (http://www.percona.com) 5.6.39-83.1 started; log sequence number 1965328
2018-09-16 17:33:22 6412 [Note] Plugin 'FEEDBACK' is disabled.
2018-09-16 17:33:22 16632 [Note] InnoDB: Dumping buffer pool(s) not yet started
2018-09-16 17:33:22 6412 [Note] Server socket created on IP: '::'.
2018-09-16 17:33:22 6412 [Note] c:\xampp\mysql\bin\mysqld.exe: ready for connections.
Version: '10.1.35-MariaDB'  socket: ''  port: 3306  mariadb.org binary distribution
2018-09-20 17:30:48 f94 InnoDB: Warning: Using innodb_additional_mem_pool_size is DEPRECATED. This option may be removed in future releases, together with the option innodb_use_sys_malloc and with the InnoDB's internal memory allocator.
2018-09-20 17:30:48 3988 [Note] InnoDB: innodb_empty_free_list_algorithm has been changed to legacy because of small buffer pool size. In order to use backoff, increase buffer pool at least up to 20MB.

2018-09-20 17:30:48 3988 [Note] InnoDB: Using mutexes to ref count buffer pool pages
2018-09-20 17:30:48 3988 [Note] InnoDB: The InnoDB memory heap is disabled
2018-09-20 17:30:48 3988 [Note] InnoDB: Mutexes and rw_locks use Windows interlocked functions
2018-09-20 17:30:48 3988 [Note] InnoDB: _mm_lfence() and _mm_sfence() are used for memory barrier
2018-09-20 17:30:48 3988 [Note] InnoDB: Compressed tables use zlib 1.2.3
2018-09-20 17:30:48 3988 [Note] InnoDB: Using generic crc32 instructions
2018-09-20 17:30:48 3988 [Note] InnoDB: Initializing buffer pool, size = 16.0M
2018-09-20 17:30:48 3988 [Note] InnoDB: Completed initialization of buffer pool
2018-09-20 17:30:48 3988 [Note] InnoDB: Highest supported file format is Barracuda.
2018-09-20 17:30:48 3988 [Note] InnoDB: The log sequence number 1835037 in ibdata file do not match the log sequence number 1965338 in the ib_logfiles!
2018-09-20 17:30:48 3988 [Note] InnoDB: Restoring possible half-written data pages from the doublewrite buffer...
2018-09-20 17:30:49 3988 [Note] InnoDB: 128 rollback segment(s) are active.
2018-09-20 17:30:49 3988 [Note] InnoDB: Waiting for purge to start
2018-09-20 17:30:49 3988 [Note] InnoDB:  Percona XtraDB (http://www.percona.com) 5.6.39-83.1 started; log sequence number 1965338
2018-09-20 17:30:49 952 [Note] InnoDB: Dumping buffer pool(s) not yet started
2018-09-20 17:30:49 3988 [Note] Plugin 'FEEDBACK' is disabled.
2018-09-20 17:30:49 3988 [Note] Server socket created on IP: '::'.
2018-09-20 17:30:49 3988 [Note] c:\xampp\mysql\bin\mysqld.exe: ready for connections.
Version: '10.1.35-MariaDB'  socket: ''  port: 3306  mariadb.org binary distribution
2018-09-20 22:00:12 a24 InnoDB: Warning: Using innodb_additional_mem_pool_size is DEPRECATED. This option may be removed in future releases, together with the option innodb_use_sys_malloc and with the InnoDB's internal memory allocator.
2018-09-20 22:00:12 2596 [Note] InnoDB: innodb_empty_free_list_algorithm has been changed to legacy because of small buffer pool size. In order to use backoff, increase buffer pool at least up to 20MB.

2018-09-20 22:00:12 2596 [Note] InnoDB: Using mutexes to ref count buffer pool pages
2018-09-20 22:00:12 2596 [Note] InnoDB: The InnoDB memory heap is disabled
2018-09-20 22:00:12 2596 [Note] InnoDB: Mutexes and rw_locks use Windows interlocked functions
2018-09-20 22:00:12 2596 [Note] InnoDB: _mm_lfence() and _mm_sfence() are used for memory barrier
2018-09-20 22:00:12 2596 [Note] InnoDB: Compressed tables use zlib 1.2.3
2018-09-20 22:00:12 2596 [Note] InnoDB: Using generic crc32 instructions
2018-09-20 22:00:12 2596 [Note] InnoDB: Initializing buffer pool, size = 16.0M
2018-09-20 22:00:12 2596 [Note] InnoDB: Completed initialization of buffer pool
2018-09-20 22:00:12 2596 [Note] InnoDB: Highest supported file format is Barracuda.
2018-09-20 22:00:12 2596 [Note] InnoDB: The log sequence number 1835037 in ibdata file do not match the log sequence number 1965348 in the ib_logfiles!
2018-09-20 22:00:12 2596 [Note] InnoDB: Restoring possible half-written data pages from the doublewrite buffer...
2018-09-20 22:00:12 2596 [Note] InnoDB: 128 rollback segment(s) are active.
2018-09-20 22:00:12 2596 [Note] InnoDB: Waiting for purge to start
2018-09-20 22:00:12 2596 [Note] InnoDB:  Percona XtraDB (http://www.percona.com) 5.6.39-83.1 started; log sequence number 1965348
2018-09-20 22:00:12 16444 [Note] InnoDB: Dumping buffer pool(s) not yet started
2018-09-20 22:00:12 2596 [Note] Plugin 'FEEDBACK' is disabled.
2018-09-20 22:00:12 2596 [Note] Server socket created on IP: '::'.
2018-09-20 22:00:12 2596 [Note] c:\xampp\mysql\bin\mysqld.exe: ready for connections.
Version: '10.1.35-MariaDB'  socket: ''  port: 3306  mariadb.org binary distribution
2018-09-22 15:41:19 1a84 InnoDB: Warning: Using innodb_additional_mem_pool_size is DEPRECATED. This option may be removed in future releases, together with the option innodb_use_sys_malloc and with the InnoDB's internal memory allocator.
2018-09-22 15:41:19 6788 [Note] InnoDB: innodb_empty_free_list_algorithm has been changed to legacy because of small buffer pool size. In order to use backoff, increase buffer pool at least up to 20MB.

2018-09-22 15:41:19 6788 [Note] InnoDB: Using mutexes to ref count buffer pool pages
2018-09-22 15:41:19 6788 [Note] InnoDB: The InnoDB memory heap is disabled
2018-09-22 15:41:19 6788 [Note] InnoDB: Mutexes and rw_locks use Windows interlocked functions
2018-09-22 15:41:19 6788 [Note] InnoDB: _mm_lfence() and _mm_sfence() are used for memory barrier
2018-09-22 15:41:19 6788 [Note] InnoDB: Compressed tables use zlib 1.2.3
2018-09-22 15:41:19 6788 [Note] InnoDB: Using generic crc32 instructions
2018-09-22 15:41:19 6788 [Note] InnoDB: Initializing buffer pool, size = 16.0M
2018-09-22 15:41:19 6788 [Note] InnoDB: Completed initialization of buffer pool
2018-09-22 15:41:19 6788 [Note] InnoDB: Highest supported file format is Barracuda.
2018-09-22 15:41:19 6788 [Note] InnoDB: The log sequence number 1835037 in ibdata file do not match the log sequence number 1966434 in the ib_logfiles!
2018-09-22 15:41:19 6788 [Note] InnoDB: Restoring possible half-written data pages from the doublewrite buffer...
2018-09-22 15:41:20 6788 [Note] InnoDB: 128 rollback segment(s) are active.
2018-09-22 15:41:20 6788 [Note] InnoDB: Waiting for purge to start
2018-09-22 15:41:20 6788 [Note] InnoDB:  Percona XtraDB (http://www.percona.com) 5.6.39-83.1 started; log sequence number 1966434
2018-09-22 15:41:20 11180 [Note] InnoDB: Dumping buffer pool(s) not yet started
2018-09-22 15:41:20 6788 [Note] Plugin 'FEEDBACK' is disabled.
2018-09-22 15:41:20 6788 [Note] Server socket created on IP: '::'.
2018-09-22 15:41:20 6788 [Note] c:\xampp\mysql\bin\mysqld.exe: ready for connections.
Version: '10.1.35-MariaDB'  socket: ''  port: 3306  mariadb.org binary distribution
2018-09-23 12:30:42 2940 InnoDB: Warning: Using innodb_additional_mem_pool_size is DEPRECATED. This option may be removed in future releases, together with the option innodb_use_sys_malloc and with the InnoDB's internal memory allocator.
2018-09-23 12:30:42 10560 [Note] InnoDB: innodb_empty_free_list_algorithm has been changed to legacy because of small buffer pool size. In order to use backoff, increase buffer pool at least up to 20MB.

2018-09-23 12:30:42 10560 [Note] InnoDB: Using mutexes to ref count buffer pool pages
2018-09-23 12:30:42 10560 [Note] InnoDB: The InnoDB memory heap is disabled
2018-09-23 12:30:42 10560 [Note] InnoDB: Mutexes and rw_locks use Windows interlocked functions
2018-09-23 12:30:42 10560 [Note] InnoDB: _mm_lfence() and _mm_sfence() are used for memory barrier
2018-09-23 12:30:42 10560 [Note] InnoDB: Compressed tables use zlib 1.2.3
2018-09-23 12:30:42 10560 [Note] InnoDB: Using generic crc32 instructions
2018-09-23 12:30:42 10560 [Note] InnoDB: Initializing buffer pool, size = 16.0M
2018-09-23 12:30:42 10560 [Note] InnoDB: Completed initialization of buffer pool
2018-09-23 12:30:43 10560 [Note] InnoDB: Highest supported file format is Barracuda.
2018-09-23 12:30:43 10560 [Note] InnoDB: The log sequence number 1835037 in ibdata file do not match the log sequence number 2581286 in the ib_logfiles!
2018-09-23 12:30:43 10560 [Note] InnoDB: Restoring possible half-written data pages from the doublewrite buffer...
2018-09-23 12:30:44 10560 [Note] InnoDB: 128 rollback segment(s) are active.
2018-09-23 12:30:44 10560 [Note] InnoDB: Waiting for purge to start
2018-09-23 12:30:44 10560 [Note] InnoDB:  Percona XtraDB (http://www.percona.com) 5.6.39-83.1 started; log sequence number 2581286
2018-09-23 12:30:44 11500 [Note] InnoDB: Dumping buffer pool(s) not yet started
2018-09-23 12:30:44 10560 [Note] Plugin 'FEEDBACK' is disabled.
2018-09-23 12:30:44 10560 [Note] Server socket created on IP: '::'.
2018-09-23 12:30:44 10560 [Note] c:\xampp\mysql\bin\mysqld.exe: ready for connections.
Version: '10.1.35-MariaDB'  socket: ''  port: 3306  mariadb.org binary distribution
2018-09-23 15:45:55 2ee0 InnoDB: Warning: Using innodb_additional_mem_pool_size is DEPRECATED. This option may be removed in future releases, together with the option innodb_use_sys_malloc and with the InnoDB's internal memory allocator.
2018-09-23 15:45:55 12000 [Note] InnoDB: innodb_empty_free_list_algorithm has been changed to legacy because of small buffer pool size. In order to use backoff, increase buffer pool at least up to 20MB.

2018-09-23 15:45:55 12000 [Note] InnoDB: Using mutexes to ref count buffer pool pages
2018-09-23 15:45:55 12000 [Note] InnoDB: The InnoDB memory heap is disabled
2018-09-23 15:45:55 12000 [Note] InnoDB: Mutexes and rw_locks use Windows interlocked functions
2018-09-23 15:45:55 12000 [Note] InnoDB: _mm_lfence() and _mm_sfence() are used for memory barrier
2018-09-23 15:45:55 12000 [Note] InnoDB: Compressed tables use zlib 1.2.3
2018-09-23 15:45:55 12000 [Note] InnoDB: Using generic crc32 instructions
2018-09-23 15:45:55 12000 [Note] InnoDB: Initializing buffer pool, size = 16.0M
2018-09-23 15:45:55 12000 [Note] InnoDB: Completed initialization of buffer pool
2018-09-23 15:45:55 12000 [Note] InnoDB: Highest supported file format is Barracuda.
2018-09-23 15:45:55 12000 [Note] InnoDB: The log sequence number 1835037 in ibdata file do not match the log sequence number 2590771 in the ib_logfiles!
2018-09-23 15:45:56 12000 [Note] InnoDB: Restoring possible half-written data pages from the doublewrite buffer...
2018-09-23 15:45:56 12000 [Note] InnoDB: 128 rollback segment(s) are active.
2018-09-23 15:45:56 12000 [Note] InnoDB: Waiting for purge to start
2018-09-23 15:45:56 12000 [Note] InnoDB:  Percona XtraDB (http://www.percona.com) 5.6.39-83.1 started; log sequence number 2590771
2018-09-23 15:45:56 5940 [Note] InnoDB: Dumping buffer pool(s) not yet started
2018-09-23 15:45:56 12000 [Note] Plugin 'FEEDBACK' is disabled.
2018-09-23 15:45:56 12000 [Note] Server socket created on IP: '::'.
2018-09-23 15:45:56 12000 [Note] c:\xampp\mysql\bin\mysqld.exe: ready for connections.
Version: '10.1.35-MariaDB'  socket: ''  port: 3306  mariadb.org binary distribution
2018-09-23 21:54:25 3850 InnoDB: Warning: Using innodb_additional_mem_pool_size is DEPRECATED. This option may be removed in future releases, together with the option innodb_use_sys_malloc and with the InnoDB's internal memory allocator.
2018-09-23 21:54:25 14416 [Note] InnoDB: innodb_empty_free_list_algorithm has been changed to legacy because of small buffer pool size. In order to use backoff, increase buffer pool at least up to 20MB.

2018-09-23 21:54:25 14416 [Note] InnoDB: Using mutexes to ref count buffer pool pages
2018-09-23 21:54:25 14416 [Note] InnoDB: The InnoDB memory heap is disabled
2018-09-23 21:54:25 14416 [Note] InnoDB: Mutexes and rw_locks use Windows interlocked functions
2018-09-23 21:54:25 14416 [Note] InnoDB: _mm_lfence() and _mm_sfence() are used for memory barrier
2018-09-23 21:54:25 14416 [Note] InnoDB: Compressed tables use zlib 1.2.3
2018-09-23 21:54:25 14416 [Note] InnoDB: Using generic crc32 instructions
2018-09-23 21:54:25 14416 [Note] InnoDB: Initializing buffer pool, size = 16.0M
2018-09-23 21:54:25 14416 [Note] InnoDB: Completed initialization of buffer pool
2018-09-23 21:54:25 14416 [Note] InnoDB: Highest supported file format is Barracuda.
2018-09-23 21:54:25 14416 [Note] InnoDB: The log sequence number 1835037 in ibdata file do not match the log sequence number 3085846 in the ib_logfiles!
2018-09-23 21:54:25 14416 [Note] InnoDB: Restoring possible half-written data pages from the doublewrite buffer...
2018-09-23 21:54:25 14416 [Note] InnoDB: 128 rollback segment(s) are active.
2018-09-23 21:54:25 14416 [Note] InnoDB: Waiting for purge to start
2018-09-23 21:54:25 14416 [Note] InnoDB:  Percona XtraDB (http://www.percona.com) 5.6.39-83.1 started; log sequence number 3085846
2018-09-23 21:54:25 4084 [Note] InnoDB: Dumping buffer pool(s) not yet started
2018-09-23 21:54:25 14416 [Note] Plugin 'FEEDBACK' is disabled.
2018-09-23 21:54:25 14416 [Note] Server socket created on IP: '::'.
2018-09-23 21:54:25 14416 [Note] c:\xampp\mysql\bin\mysqld.exe: ready for connections.
Version: '10.1.35-MariaDB'  socket: ''  port: 3306  mariadb.org binary distribution
2018-09-24 21:54:20 2e54 InnoDB: Warning: Using innodb_additional_mem_pool_size is DEPRECATED. This option may be removed in future releases, together with the option innodb_use_sys_malloc and with the InnoDB's internal memory allocator.
2018-09-24 21:54:20 11860 [Note] InnoDB: innodb_empty_free_list_algorithm has been changed to legacy because of small buffer pool size. In order to use backoff, increase buffer pool at least up to 20MB.

2018-09-24 21:54:20 11860 [Note] InnoDB: Using mutexes to ref count buffer pool pages
2018-09-24 21:54:20 11860 [Note] InnoDB: The InnoDB memory heap is disabled
2018-09-24 21:54:20 11860 [Note] InnoDB: Mutexes and rw_locks use Windows interlocked functions
2018-09-24 21:54:20 11860 [Note] InnoDB: _mm_lfence() and _mm_sfence() are used for memory barrier
2018-09-24 21:54:20 11860 [Note] InnoDB: Compressed tables use zlib 1.2.3
2018-09-24 21:54:20 11860 [Note] InnoDB: Using generic crc32 instructions
2018-09-24 21:54:20 11860 [Note] InnoDB: Initializing buffer pool, size = 16.0M
2018-09-24 21:54:20 11860 [Note] InnoDB: Completed initialization of buffer pool
2018-09-24 21:54:20 11860 [Note] InnoDB: Highest supported file format is Barracuda.
2018-09-24 21:54:20 11860 [Note] InnoDB: The log sequence number 1835037 in ibdata file do not match the log sequence number 3085856 in the ib_logfiles!
2018-09-24 21:54:20 11860 [Note] InnoDB: Restoring possible half-written data pages from the doublewrite buffer...
2018-09-24 21:54:21 11860 [Note] InnoDB: 128 rollback segment(s) are active.
2018-09-24 21:54:21 11860 [Note] InnoDB: Waiting for purge to start
2018-09-24 21:54:21 11860 [Note] InnoDB:  Percona XtraDB (http://www.percona.com) 5.6.39-83.1 started; log sequence number 3085856
2018-09-24 21:54:21 11504 [Note] InnoDB: Dumping buffer pool(s) not yet started
2018-09-24 21:54:21 11860 [Note] Plugin 'FEEDBACK' is disabled.
2018-09-24 21:54:21 11860 [Note] Server socket created on IP: '::'.
2018-09-24 21:54:21 11860 [Note] c:\xampp\mysql\bin\mysqld.exe: ready for connections.
Version: '10.1.35-MariaDB'  socket: ''  port: 3306  mariadb.org binary distribution
2018-09-24 23:50:07 3530 InnoDB: Warning: Using innodb_additional_mem_pool_size is DEPRECATED. This option may be removed in future releases, together with the option innodb_use_sys_malloc and with the InnoDB's internal memory allocator.
2018-09-24 23:50:07 13616 [Note] InnoDB: innodb_empty_free_list_algorithm has been changed to legacy because of small buffer pool size. In order to use backoff, increase buffer pool at least up to 20MB.

2018-09-24 23:50:07 13616 [Note] InnoDB: Using mutexes to ref count buffer pool pages
2018-09-24 23:50:07 13616 [Note] InnoDB: The InnoDB memory heap is disabled
2018-09-24 23:50:07 13616 [Note] InnoDB: Mutexes and rw_locks use Windows interlocked functions
2018-09-24 23:50:07 13616 [Note] InnoDB: _mm_lfence() and _mm_sfence() are used for memory barrier
2018-09-24 23:50:07 13616 [Note] InnoDB: Compressed tables use zlib 1.2.3
2018-09-24 23:50:07 13616 [Note] InnoDB: Using generic crc32 instructions
2018-09-24 23:50:07 13616 [Note] InnoDB: Initializing buffer pool, size = 16.0M
2018-09-24 23:50:07 13616 [Note] InnoDB: Completed initialization of buffer pool
2018-09-24 23:50:07 13616 [Note] InnoDB: Highest supported file format is Barracuda.
2018-09-24 23:50:07 13616 [Note] InnoDB: The log sequence number 1835037 in ibdata file do not match the log sequence number 3104576 in the ib_logfiles!
2018-09-24 23:50:07 13616 [Note] InnoDB: Restoring possible half-written data pages from the doublewrite buffer...
2018-09-24 23:50:08 13616 [Note] InnoDB: 128 rollback segment(s) are active.
2018-09-24 23:50:08 13616 [Note] InnoDB: Waiting for purge to start
2018-09-24 23:50:08 13616 [Note] InnoDB:  Percona XtraDB (http://www.percona.com) 5.6.39-83.1 started; log sequence number 3104576
2018-09-24 23:50:08 13768 [Note] InnoDB: Dumping buffer pool(s) not yet started
2018-09-24 23:50:08 13616 [Note] Plugin 'FEEDBACK' is disabled.
2018-09-24 23:50:08 13616 [Note] Server socket created on IP: '::'.
2018-09-24 23:50:08 13616 [Note] c:\xampp\mysql\bin\mysqld.exe: ready for connections.
Version: '10.1.35-MariaDB'  socket: ''  port: 3306  mariadb.org binary distribution
2018-09-25 22:00:27 3364 InnoDB: Warning: Using innodb_additional_mem_pool_size is DEPRECATED. This option may be removed in future releases, together with the option innodb_use_sys_malloc and with the InnoDB's internal memory allocator.
2018-09-25 22:00:27 13156 [Note] InnoDB: innodb_empty_free_list_algorithm has been changed to legacy because of small buffer pool size. In order to use backoff, increase buffer pool at least up to 20MB.

2018-09-25 22:00:27 13156 [Note] InnoDB: Using mutexes to ref count buffer pool pages
2018-09-25 22:00:27 13156 [Note] InnoDB: The InnoDB memory heap is disabled
2018-09-25 22:00:27 13156 [Note] InnoDB: Mutexes and rw_locks use Windows interlocked functions
2018-09-25 22:00:27 13156 [Note] InnoDB: _mm_lfence() and _mm_sfence() are used for memory barrier
2018-09-25 22:00:27 13156 [Note] InnoDB: Compressed tables use zlib 1.2.3
2018-09-25 22:00:27 13156 [Note] InnoDB: Using generic crc32 instructions
2018-09-25 22:00:27 13156 [Note] InnoDB: Initializing buffer pool, size = 16.0M
2018-09-25 22:00:27 13156 [Note] InnoDB: Completed initialization of buffer pool
2018-09-25 22:00:27 13156 [Note] InnoDB: Highest supported file format is Barracuda.
2018-09-25 22:00:27 13156 [Note] InnoDB: The log sequence number 1835037 in ibdata file do not match the log sequence number 3105547 in the ib_logfiles!
2018-09-25 22:00:28 13156 [Note] InnoDB: Restoring possible half-written data pages from the doublewrite buffer...
2018-09-25 22:00:28 13156 [Note] InnoDB: 128 rollback segment(s) are active.
2018-09-25 22:00:28 13156 [Note] InnoDB: Waiting for purge to start
2018-09-25 22:00:28 13156 [Note] InnoDB:  Percona XtraDB (http://www.percona.com) 5.6.39-83.1 started; log sequence number 3105547
2018-09-25 22:00:28 10676 [Note] InnoDB: Dumping buffer pool(s) not yet started
2018-09-25 22:00:28 13156 [Note] Plugin 'FEEDBACK' is disabled.
2018-09-25 22:00:28 13156 [Note] Server socket created on IP: '::'.
2018-09-25 22:00:29 13156 [Note] c:\xampp\mysql\bin\mysqld.exe: ready for connections.
Version: '10.1.35-MariaDB'  socket: ''  port: 3306  mariadb.org binary distribution
2018-09-26 22:05:26 1af8 InnoDB: Warning: Using innodb_additional_mem_pool_size is DEPRECATED. This option may be removed in future releases, together with the option innodb_use_sys_malloc and with the InnoDB's internal memory allocator.
2018-09-26 22:05:26 6904 [Note] InnoDB: innodb_empty_free_list_algorithm has been changed to legacy because of small buffer pool size. In order to use backoff, increase buffer pool at least up to 20MB.

2018-09-26 22:05:26 6904 [Note] InnoDB: Using mutexes to ref count buffer pool pages
2018-09-26 22:05:26 6904 [Note] InnoDB: The InnoDB memory heap is disabled
2018-09-26 22:05:26 6904 [Note] InnoDB: Mutexes and rw_locks use Windows interlocked functions
2018-09-26 22:05:26 6904 [Note] InnoDB: _mm_lfence() and _mm_sfence() are used for memory barrier
2018-09-26 22:05:26 6904 [Note] InnoDB: Compressed tables use zlib 1.2.3
2018-09-26 22:05:26 6904 [Note] InnoDB: Using generic crc32 instructions
2018-09-26 22:05:26 6904 [Note] InnoDB: Initializing buffer pool, size = 16.0M
2018-09-26 22:05:26 6904 [Note] InnoDB: Completed initialization of buffer pool
2018-09-26 22:05:26 6904 [Note] InnoDB: Highest supported file format is Barracuda.
2018-09-26 22:05:26 6904 [Note] InnoDB: The log sequence number 1835037 in ibdata file do not match the log sequence number 3117355 in the ib_logfiles!
2018-09-26 22:05:26 6904 [Note] InnoDB: Restoring possible half-written data pages from the doublewrite buffer...
2018-09-26 22:05:26 6904 [Note] InnoDB: 128 rollback segment(s) are active.
2018-09-26 22:05:26 6904 [Note] InnoDB: Waiting for purge to start
2018-09-26 22:05:26 6904 [Note] InnoDB:  Percona XtraDB (http://www.percona.com) 5.6.39-83.1 started; log sequence number 3117355
2018-09-26 22:05:26 13848 [Note] InnoDB: Dumping buffer pool(s) not yet started
2018-09-26 22:05:26 6904 [Note] Plugin 'FEEDBACK' is disabled.
2018-09-26 22:05:26 6904 [Note] Server socket created on IP: '::'.
2018-09-26 22:05:27 6904 [Note] c:\xampp\mysql\bin\mysqld.exe: ready for connections.
Version: '10.1.35-MariaDB'  socket: ''  port: 3306  mariadb.org binary distribution
2018-09-29 15:47:05 28b8 InnoDB: Warning: Using innodb_additional_mem_pool_size is DEPRECATED. This option may be removed in future releases, together with the option innodb_use_sys_malloc and with the InnoDB's internal memory allocator.
2018-09-29 15:47:05 10424 [Note] InnoDB: innodb_empty_free_list_algorithm has been changed to legacy because of small buffer pool size. In order to use backoff, increase buffer pool at least up to 20MB.

2018-09-29 15:47:05 10424 [Note] InnoDB: Using mutexes to ref count buffer pool pages
2018-09-29 15:47:05 10424 [Note] InnoDB: The InnoDB memory heap is disabled
2018-09-29 15:47:05 10424 [Note] InnoDB: Mutexes and rw_locks use Windows interlocked functions
2018-09-29 15:47:05 10424 [Note] InnoDB: _mm_lfence() and _mm_sfence() are used for memory barrier
2018-09-29 15:47:05 10424 [Note] InnoDB: Compressed tables use zlib 1.2.3
2018-09-29 15:47:05 10424 [Note] InnoDB: Using generic crc32 instructions
2018-09-29 15:47:05 10424 [Note] InnoDB: Initializing buffer pool, size = 16.0M
2018-09-29 15:47:05 10424 [Note] InnoDB: Completed initialization of buffer pool
2018-09-29 15:47:05 10424 [Note] InnoDB: Highest supported file format is Barracuda.
2018-09-29 15:47:05 10424 [Note] InnoDB: The log sequence number 1835037 in ibdata file do not match the log sequence number 3382979 in the ib_logfiles!
2018-09-29 15:47:06 10424 [Note] InnoDB: Restoring possible half-written data pages from the doublewrite buffer...
2018-09-29 15:47:06 10424 [Note] InnoDB: 128 rollback segment(s) are active.
2018-09-29 15:47:06 10424 [Note] InnoDB: Waiting for purge to start
2018-09-29 15:47:06 10424 [Note] InnoDB:  Percona XtraDB (http://www.percona.com) 5.6.39-83.1 started; log sequence number 3382979
2018-09-29 15:47:06 10564 [Note] InnoDB: Dumping buffer pool(s) not yet started
2018-09-29 15:47:06 10424 [Note] Plugin 'FEEDBACK' is disabled.
2018-09-29 15:47:06 10424 [Note] Server socket created on IP: '::'.
2018-09-29 15:47:06 10424 [Note] c:\xampp\mysql\bin\mysqld.exe: ready for connections.
Version: '10.1.35-MariaDB'  socket: ''  port: 3306  mariadb.org binary distribution
2018-09-30 14:33:27 2ff8 InnoDB: Warning: Using innodb_additional_mem_pool_size is DEPRECATED. This option may be removed in future releases, together with the option innodb_use_sys_malloc and with the InnoDB's internal memory allocator.
2018-09-30 14:33:27 12280 [Note] InnoDB: innodb_empty_free_list_algorithm has been changed to legacy because of small buffer pool size. In order to use backoff, increase buffer pool at least up to 20MB.

2018-09-30 14:33:27 12280 [Note] InnoDB: Using mutexes to ref count buffer pool pages
2018-09-30 14:33:27 12280 [Note] InnoDB: The InnoDB memory heap is disabled
2018-09-30 14:33:27 12280 [Note] InnoDB: Mutexes and rw_locks use Windows interlocked functions
2018-09-30 14:33:27 12280 [Note] InnoDB: _mm_lfence() and _mm_sfence() are used for memory barrier
2018-09-30 14:33:27 12280 [Note] InnoDB: Compressed tables use zlib 1.2.3
2018-09-30 14:33:27 12280 [Note] InnoDB: Using generic crc32 instructions
2018-09-30 14:33:27 12280 [Note] InnoDB: Initializing buffer pool, size = 16.0M
2018-09-30 14:33:27 12280 [Note] InnoDB: Completed initialization of buffer pool
2018-09-30 14:33:27 12280 [Note] InnoDB: Highest supported file format is Barracuda.
2018-09-30 14:33:27 12280 [Note] InnoDB: The log sequence number 1835037 in ibdata file do not match the log sequence number 3385782 in the ib_logfiles!
2018-09-30 14:33:27 12280 [Note] InnoDB: Restoring possible half-written data pages from the doublewrite buffer...
2018-09-30 14:33:27 12280 [Note] InnoDB: 128 rollback segment(s) are active.
2018-09-30 14:33:27 12280 [Note] InnoDB: Waiting for purge to start
2018-09-30 14:33:27 12280 [Note] InnoDB:  Percona XtraDB (http://www.percona.com) 5.6.39-83.1 started; log sequence number 3385782
2018-09-30 14:33:28 7052 [Note] InnoDB: Dumping buffer pool(s) not yet started
2018-09-30 14:33:28 12280 [Note] Plugin 'FEEDBACK' is disabled.
2018-09-30 14:33:28 12280 [Note] Server socket created on IP: '::'.
2018-09-30 14:33:28 12280 [Note] c:\xampp\mysql\bin\mysqld.exe: ready for connections.
Version: '10.1.35-MariaDB'  socket: ''  port: 3306  mariadb.org binary distribution
2018-09-30 18:59:45 2964 InnoDB: Warning: Using innodb_additional_mem_pool_size is DEPRECATED. This option may be removed in future releases, together with the option innodb_use_sys_malloc and with the InnoDB's internal memory allocator.
2018-09-30 18:59:45 10596 [Note] InnoDB: innodb_empty_free_list_algorithm has been changed to legacy because of small buffer pool size. In order to use backoff, increase buffer pool at least up to 20MB.

2018-09-30 18:59:45 10596 [Note] InnoDB: Using mutexes to ref count buffer pool pages
2018-09-30 18:59:45 10596 [Note] InnoDB: The InnoDB memory heap is disabled
2018-09-30 18:59:45 10596 [Note] InnoDB: Mutexes and rw_locks use Windows interlocked functions
2018-09-30 18:59:45 10596 [Note] InnoDB: _mm_lfence() and _mm_sfence() are used for memory barrier
2018-09-30 18:59:45 10596 [Note] InnoDB: Compressed tables use zlib 1.2.3
2018-09-30 18:59:45 10596 [Note] InnoDB: Using generic crc32 instructions
2018-09-30 18:59:45 10596 [Note] InnoDB: Initializing buffer pool, size = 16.0M
2018-09-30 18:59:45 10596 [Note] InnoDB: Completed initialization of buffer pool
2018-09-30 18:59:45 10596 [Note] InnoDB: Highest supported file format is Barracuda.
2018-09-30 18:59:45 10596 [Note] InnoDB: The log sequence number 1835037 in ibdata file do not match the log sequence number 3575154 in the ib_logfiles!
2018-09-30 18:59:45 10596 [Note] InnoDB: Restoring possible half-written data pages from the doublewrite buffer...
2018-09-30 18:59:45 10596 [Note] InnoDB: 128 rollback segment(s) are active.
2018-09-30 18:59:45 10596 [Note] InnoDB: Waiting for purge to start
2018-09-30 18:59:45 10596 [Note] InnoDB:  Percona XtraDB (http://www.percona.com) 5.6.39-83.1 started; log sequence number 3575154
2018-09-30 18:59:45 5012 [Note] InnoDB: Dumping buffer pool(s) not yet started
2018-09-30 18:59:45 10596 [Note] Plugin 'FEEDBACK' is disabled.
2018-09-30 18:59:45 10596 [Note] Server socket created on IP: '::'.
2018-09-30 18:59:46 10596 [Note] c:\xampp\mysql\bin\mysqld.exe: ready for connections.
Version: '10.1.35-MariaDB'  socket: ''  port: 3306  mariadb.org binary distribution
2018-10-04 20:09:32 3098 InnoDB: Warning: Using innodb_additional_mem_pool_size is DEPRECATED. This option may be removed in future releases, together with the option innodb_use_sys_malloc and with the InnoDB's internal memory allocator.
2018-10-04 20:09:32 12440 [Note] InnoDB: innodb_empty_free_list_algorithm has been changed to legacy because of small buffer pool size. In order to use backoff, increase buffer pool at least up to 20MB.

2018-10-04 20:09:32 12440 [Note] InnoDB: Using mutexes to ref count buffer pool pages
2018-10-04 20:09:32 12440 [Note] InnoDB: The InnoDB memory heap is disabled
2018-10-04 20:09:32 12440 [Note] InnoDB: Mutexes and rw_locks use Windows interlocked functions
2018-10-04 20:09:32 12440 [Note] InnoDB: _mm_lfence() and _mm_sfence() are used for memory barrier
2018-10-04 20:09:32 12440 [Note] InnoDB: Compressed tables use zlib 1.2.3
2018-10-04 20:09:32 12440 [Note] InnoDB: Using generic crc32 instructions
2018-10-04 20:09:32 12440 [Note] InnoDB: Initializing buffer pool, size = 16.0M
2018-10-04 20:09:32 12440 [Note] InnoDB: Completed initialization of buffer pool
2018-10-04 20:09:33 12440 [Note] InnoDB: Highest supported file format is Barracuda.
2018-10-04 20:09:33 12440 [Note] InnoDB: The log sequence number 1835037 in ibdata file do not match the log sequence number 3575495 in the ib_logfiles!
2018-10-04 20:09:33 12440 [Note] InnoDB: Restoring possible half-written data pages from the doublewrite buffer...
2018-10-04 20:09:34 12440 [Note] InnoDB: 128 rollback segment(s) are active.
2018-10-04 20:09:34 12440 [Note] InnoDB: Waiting for purge to start
2018-10-04 20:09:34 12440 [Note] InnoDB:  Percona XtraDB (http://www.percona.com) 5.6.39-83.1 started; log sequence number 3575495
2018-10-04 20:09:34 12964 [Note] InnoDB: Dumping buffer pool(s) not yet started
2018-10-04 20:09:34 12440 [Note] Plugin 'FEEDBACK' is disabled.
2018-10-04 20:09:34 12440 [Note] Server socket created on IP: '::'.
2018-10-04 20:09:34 12440 [Note] c:\xampp\mysql\bin\mysqld.exe: ready for connections.
Version: '10.1.35-MariaDB'  socket: ''  port: 3306  mariadb.org binary distribution
2018-10-04 23:27:03 1cb4 InnoDB: Warning: Using innodb_additional_mem_pool_size is DEPRECATED. This option may be removed in future releases, together with the option innodb_use_sys_malloc and with the InnoDB's internal memory allocator.
2018-10-04 23:27:03 7348 [Note] InnoDB: innodb_empty_free_list_algorithm has been changed to legacy because of small buffer pool size. In order to use backoff, increase buffer pool at least up to 20MB.

2018-10-04 23:27:03 7348 [Note] InnoDB: Using mutexes to ref count buffer pool pages
2018-10-04 23:27:03 7348 [Note] InnoDB: The InnoDB memory heap is disabled
2018-10-04 23:27:03 7348 [Note] InnoDB: Mutexes and rw_locks use Windows interlocked functions
2018-10-04 23:27:03 7348 [Note] InnoDB: _mm_lfence() and _mm_sfence() are used for memory barrier
2018-10-04 23:27:03 7348 [Note] InnoDB: Compressed tables use zlib 1.2.3
2018-10-04 23:27:03 7348 [Note] InnoDB: Using generic crc32 instructions
2018-10-04 23:27:03 7348 [Note] InnoDB: Initializing buffer pool, size = 16.0M
2018-10-04 23:27:03 7348 [Note] InnoDB: Completed initialization of buffer pool
2018-10-04 23:27:03 7348 [Note] InnoDB: Highest supported file format is Barracuda.
2018-10-04 23:27:03 7348 [Note] InnoDB: The log sequence number 1835037 in ibdata file do not match the log sequence number 3775151 in the ib_logfiles!
2018-10-04 23:27:03 7348 [Note] InnoDB: Restoring possible half-written data pages from the doublewrite buffer...
2018-10-04 23:27:03 7348 [Note] InnoDB: 128 rollback segment(s) are active.
2018-10-04 23:27:03 7348 [Note] InnoDB: Waiting for purge to start
2018-10-04 23:27:03 7348 [Note] InnoDB:  Percona XtraDB (http://www.percona.com) 5.6.39-83.1 started; log sequence number 3775151
2018-10-04 23:27:03 14308 [Note] InnoDB: Dumping buffer pool(s) not yet started
2018-10-04 23:27:03 7348 [Note] Plugin 'FEEDBACK' is disabled.
2018-10-04 23:27:03 7348 [Note] Server socket created on IP: '::'.
2018-10-04 23:27:03 7348 [Note] c:\xampp\mysql\bin\mysqld.exe: ready for connections.
Version: '10.1.35-MariaDB'  socket: ''  port: 3306  mariadb.org binary distribution
2018-10-04 23:39:47 2fe8 InnoDB: Warning: Using innodb_additional_mem_pool_size is DEPRECATED. This option may be removed in future releases, together with the option innodb_use_sys_malloc and with the InnoDB's internal memory allocator.
2018-10-04 23:39:47 12264 [Note] InnoDB: innodb_empty_free_list_algorithm has been changed to legacy because of small buffer pool size. In order to use backoff, increase buffer pool at least up to 20MB.

2018-10-04 23:39:47 12264 [Note] InnoDB: Using mutexes to ref count buffer pool pages
2018-10-04 23:39:47 12264 [Note] InnoDB: The InnoDB memory heap is disabled
2018-10-04 23:39:47 12264 [Note] InnoDB: Mutexes and rw_locks use Windows interlocked functions
2018-10-04 23:39:47 12264 [Note] InnoDB: _mm_lfence() and _mm_sfence() are used for memory barrier
2018-10-04 23:39:47 12264 [Note] InnoDB: Compressed tables use zlib 1.2.3
2018-10-04 23:39:47 12264 [Note] InnoDB: Using generic crc32 instructions
2018-10-04 23:39:47 12264 [Note] InnoDB: Initializing buffer pool, size = 16.0M
2018-10-04 23:39:47 12264 [Note] InnoDB: Completed initialization of buffer pool
2018-10-04 23:39:47 12264 [Note] InnoDB: Highest supported file format is Barracuda.
2018-10-04 23:39:47 12264 [Note] InnoDB: The log sequence number 1835037 in ibdata file do not match the log sequence number 3776465 in the ib_logfiles!
2018-10-04 23:39:47 12264 [Note] InnoDB: Restoring possible half-written data pages from the doublewrite buffer...
2018-10-04 23:39:47 12264 [Note] InnoDB: 128 rollback segment(s) are active.
2018-10-04 23:39:47 12264 [Note] InnoDB: Waiting for purge to start
2018-10-04 23:39:47 12264 [Note] InnoDB:  Percona XtraDB (http://www.percona.com) 5.6.39-83.1 started; log sequence number 3776465
2018-10-04 23:39:47 9992 [Note] InnoDB: Dumping buffer pool(s) not yet started
2018-10-04 23:39:47 12264 [Note] Plugin 'FEEDBACK' is disabled.
2018-10-04 23:39:47 12264 [Note] Server socket created on IP: '::'.
2018-10-04 23:39:47 12264 [Note] c:\xampp\mysql\bin\mysqld.exe: ready for connections.
Version: '10.1.35-MariaDB'  socket: ''  port: 3306  mariadb.org binary distribution
2018-10-04 23:42:27 7b4 InnoDB: Warning: Using innodb_additional_mem_pool_size is DEPRECATED. This option may be removed in future releases, together with the option innodb_use_sys_malloc and with the InnoDB's internal memory allocator.
2018-10-04 23:42:27 1972 [Note] InnoDB: innodb_empty_free_list_algorithm has been changed to legacy because of small buffer pool size. In order to use backoff, increase buffer pool at least up to 20MB.

2018-10-04 23:42:27 1972 [Note] InnoDB: Using mutexes to ref count buffer pool pages
2018-10-04 23:42:27 1972 [Note] InnoDB: The InnoDB memory heap is disabled
2018-10-04 23:42:27 1972 [Note] InnoDB: Mutexes and rw_locks use Windows interlocked functions
2018-10-04 23:42:27 1972 [Note] InnoDB: _mm_lfence() and _mm_sfence() are used for memory barrier
2018-10-04 23:42:27 1972 [Note] InnoDB: Compressed tables use zlib 1.2.3
2018-10-04 23:42:27 1972 [Note] InnoDB: Using generic crc32 instructions
2018-10-04 23:42:27 1972 [Note] InnoDB: Initializing buffer pool, size = 16.0M
2018-10-04 23:42:27 1972 [Note] InnoDB: Completed initialization of buffer pool
2018-10-04 23:42:27 1972 [Note] InnoDB: Highest supported file format is Barracuda.
2018-10-04 23:42:27 1972 [Note] InnoDB: The log sequence number 1835037 in ibdata file do not match the log sequence number 3776935 in the ib_logfiles!
2018-10-04 23:42:27 1972 [Note] InnoDB: Restoring possible half-written data pages from the doublewrite buffer...
2018-10-04 23:42:28 1972 [Note] InnoDB: 128 rollback segment(s) are active.
2018-10-04 23:42:28 1972 [Note] InnoDB: Waiting for purge to start
2018-10-04 23:42:28 1972 [Note] InnoDB:  Percona XtraDB (http://www.percona.com) 5.6.39-83.1 started; log sequence number 3776935
2018-10-04 23:42:28 7440 [Note] InnoDB: Dumping buffer pool(s) not yet started
2018-10-04 23:42:28 1972 [Note] Plugin 'FEEDBACK' is disabled.
2018-10-04 23:42:28 1972 [Note] Server socket created on IP: '::'.
2018-10-04 23:42:28 1972 [Note] c:\xampp\mysql\bin\mysqld.exe: ready for connections.
Version: '10.1.35-MariaDB'  socket: ''  port: 3306  mariadb.org binary distribution
2018-10-06 11:31:00 38c4 InnoDB: Warning: Using innodb_additional_mem_pool_size is DEPRECATED. This option may be removed in future releases, together with the option innodb_use_sys_malloc and with the InnoDB's internal memory allocator.
2018-10-06 11:31:00 14532 [Note] InnoDB: innodb_empty_free_list_algorithm has been changed to legacy because of small buffer pool size. In order to use backoff, increase buffer pool at least up to 20MB.

2018-10-06 11:31:00 14532 [Note] InnoDB: Using mutexes to ref count buffer pool pages
2018-10-06 11:31:00 14532 [Note] InnoDB: The InnoDB memory heap is disabled
2018-10-06 11:31:00 14532 [Note] InnoDB: Mutexes and rw_locks use Windows interlocked functions
2018-10-06 11:31:00 14532 [Note] InnoDB: _mm_lfence() and _mm_sfence() are used for memory barrier
2018-10-06 11:31:00 14532 [Note] InnoDB: Compressed tables use zlib 1.2.3
2018-10-06 11:31:00 14532 [Note] InnoDB: Using generic crc32 instructions
2018-10-06 11:31:00 14532 [Note] InnoDB: Initializing buffer pool, size = 16.0M
2018-10-06 11:31:00 14532 [Note] InnoDB: Completed initialization of buffer pool
2018-10-06 11:31:00 14532 [Note] InnoDB: Highest supported file format is Barracuda.
2018-10-06 11:31:00 14532 [Note] InnoDB: The log sequence number 1835037 in ibdata file do not match the log sequence number 3776945 in the ib_logfiles!
2018-10-06 11:31:00 14532 [Note] InnoDB: Restoring possible half-written data pages from the doublewrite buffer...
2018-10-06 11:31:00 14532 [Note] InnoDB: 128 rollback segment(s) are active.
2018-10-06 11:31:00 14532 [Note] InnoDB: Waiting for purge to start
2018-10-06 11:31:00 14532 [Note] InnoDB:  Percona XtraDB (http://www.percona.com) 5.6.39-83.1 started; log sequence number 3776945
2018-10-06 11:31:00 464 [Note] InnoDB: Dumping buffer pool(s) not yet started
2018-10-06 11:31:01 14532 [Note] Plugin 'FEEDBACK' is disabled.
2018-10-06 11:31:01 14532 [Note] Server socket created on IP: '::'.
2018-10-06 11:31:01 14532 [Note] c:\xampp\mysql\bin\mysqld.exe: ready for connections.
Version: '10.1.35-MariaDB'  socket: ''  port: 3306  mariadb.org binary distribution
2018-10-06 11:38:00 3810 InnoDB: Warning: Using innodb_additional_mem_pool_size is DEPRECATED. This option may be removed in future releases, together with the option innodb_use_sys_malloc and with the InnoDB's internal memory allocator.
2018-10-06 11:38:00 14352 [Note] InnoDB: innodb_empty_free_list_algorithm has been changed to legacy because of small buffer pool size. In order to use backoff, increase buffer pool at least up to 20MB.

2018-10-06 11:38:00 14352 [Note] InnoDB: Using mutexes to ref count buffer pool pages
2018-10-06 11:38:00 14352 [Note] InnoDB: The InnoDB memory heap is disabled
2018-10-06 11:38:00 14352 [Note] InnoDB: Mutexes and rw_locks use Windows interlocked functions
2018-10-06 11:38:00 14352 [Note] InnoDB: _mm_lfence() and _mm_sfence() are used for memory barrier
2018-10-06 11:38:00 14352 [Note] InnoDB: Compressed tables use zlib 1.2.3
2018-10-06 11:38:00 14352 [Note] InnoDB: Using generic crc32 instructions
2018-10-06 11:38:00 14352 [Note] InnoDB: Initializing buffer pool, size = 16.0M
2018-10-06 11:38:00 14352 [Note] InnoDB: Completed initialization of buffer pool
2018-10-06 11:38:00 14352 [Note] InnoDB: Highest supported file format is Barracuda.
2018-10-06 11:38:00 14352 [Note] InnoDB: The log sequence number 1835037 in ibdata file do not match the log sequence number 3787445 in the ib_logfiles!
2018-10-06 11:38:00 14352 [Note] InnoDB: Restoring possible half-written data pages from the doublewrite buffer...
2018-10-06 11:38:01 14352 [Note] InnoDB: 128 rollback segment(s) are active.
2018-10-06 11:38:01 14352 [Note] InnoDB: Waiting for purge to start
2018-10-06 11:38:01 14352 [Note] InnoDB:  Percona XtraDB (http://www.percona.com) 5.6.39-83.1 started; log sequence number 3787445
2018-10-06 11:38:01 14844 [Note] InnoDB: Dumping buffer pool(s) not yet started
2018-10-06 11:38:01 14352 [Note] Plugin 'FEEDBACK' is disabled.
2018-10-06 11:38:01 14352 [Note] Server socket created on IP: '::'.
2018-10-06 11:38:01 14352 [Note] c:\xampp\mysql\bin\mysqld.exe: ready for connections.
Version: '10.1.35-MariaDB'  socket: ''  port: 3306  mariadb.org binary distribution
2018-10-07 14:06:38 3170 InnoDB: Warning: Using innodb_additional_mem_pool_size is DEPRECATED. This option may be removed in future releases, together with the option innodb_use_sys_malloc and with the InnoDB's internal memory allocator.
2018-10-07 14:06:38 12656 [Note] InnoDB: innodb_empty_free_list_algorithm has been changed to legacy because of small buffer pool size. In order to use backoff, increase buffer pool at least up to 20MB.

2018-10-07 14:06:38 12656 [Note] InnoDB: Using mutexes to ref count buffer pool pages
2018-10-07 14:06:38 12656 [Note] InnoDB: The InnoDB memory heap is disabled
2018-10-07 14:06:38 12656 [Note] InnoDB: Mutexes and rw_locks use Windows interlocked functions
2018-10-07 14:06:38 12656 [Note] InnoDB: _mm_lfence() and _mm_sfence() are used for memory barrier
2018-10-07 14:06:38 12656 [Note] InnoDB: Compressed tables use zlib 1.2.3
2018-10-07 14:06:38 12656 [Note] InnoDB: Using generic crc32 instructions
2018-10-07 14:06:38 12656 [Note] InnoDB: Initializing buffer pool, size = 16.0M
2018-10-07 14:06:38 12656 [Note] InnoDB: Completed initialization of buffer pool
2018-10-07 14:06:38 12656 [Note] InnoDB: Highest supported file format is Barracuda.
2018-10-07 14:06:38 12656 [Note] InnoDB: The log sequence number 1835037 in ibdata file do not match the log sequence number 3787956 in the ib_logfiles!
2018-10-07 14:06:39 12656 [Note] InnoDB: Restoring possible half-written data pages from the doublewrite buffer...
2018-10-07 14:06:39 12656 [Note] InnoDB: 128 rollback segment(s) are active.
2018-10-07 14:06:39 12656 [Note] InnoDB: Waiting for purge to start
2018-10-07 14:06:39 12656 [Note] InnoDB:  Percona XtraDB (http://www.percona.com) 5.6.39-83.1 started; log sequence number 3787956
2018-10-07 14:06:39 10120 [Note] InnoDB: Dumping buffer pool(s) not yet started
2018-10-07 14:06:39 12656 [Note] Plugin 'FEEDBACK' is disabled.
2018-10-07 14:06:39 12656 [Note] Server socket created on IP: '::'.
2018-10-07 14:06:39 12656 [Note] c:\xampp\mysql\bin\mysqld.exe: ready for connections.
Version: '10.1.35-MariaDB'  socket: ''  port: 3306  mariadb.org binary distribution
2018-10-07 17:02:52 3818 InnoDB: Warning: Using innodb_additional_mem_pool_size is DEPRECATED. This option may be removed in future releases, together with the option innodb_use_sys_malloc and with the InnoDB's internal memory allocator.
2018-10-07 17:02:52 14360 [Note] InnoDB: innodb_empty_free_list_algorithm has been changed to legacy because of small buffer pool size. In order to use backoff, increase buffer pool at least up to 20MB.

2018-10-07 17:02:52 14360 [Note] InnoDB: Using mutexes to ref count buffer pool pages
2018-10-07 17:02:52 14360 [Note] InnoDB: The InnoDB memory heap is disabled
2018-10-07 17:02:52 14360 [Note] InnoDB: Mutexes and rw_locks use Windows interlocked functions
2018-10-07 17:02:52 14360 [Note] InnoDB: _mm_lfence() and _mm_sfence() are used for memory barrier
2018-10-07 17:02:52 14360 [Note] InnoDB: Compressed tables use zlib 1.2.3
2018-10-07 17:02:52 14360 [Note] InnoDB: Using generic crc32 instructions
2018-10-07 17:02:52 14360 [Note] InnoDB: Initializing buffer pool, size = 16.0M
2018-10-07 17:02:52 14360 [Note] InnoDB: Completed initialization of buffer pool
2018-10-07 17:02:52 14360 [Note] InnoDB: Highest supported file format is Barracuda.
2018-10-07 17:02:52 14360 [Note] InnoDB: The log sequence number 1835037 in ibdata file do not match the log sequence number 3789890 in the ib_logfiles!
2018-10-07 17:02:52 14360 [Note] InnoDB: Restoring possible half-written data pages from the doublewrite buffer...
2018-10-07 17:02:53 14360 [Note] InnoDB: 128 rollback segment(s) are active.
2018-10-07 17:02:53 14360 [Note] InnoDB: Waiting for purge to start
2018-10-07 17:02:53 14360 [Note] InnoDB:  Percona XtraDB (http://www.percona.com) 5.6.39-83.1 started; log sequence number 3789890
2018-10-07 17:02:53 14888 [Note] InnoDB: Dumping buffer pool(s) not yet started
2018-10-07 17:02:53 14360 [Note] Plugin 'FEEDBACK' is disabled.
2018-10-07 17:02:53 14360 [Note] Server socket created on IP: '::'.
2018-10-07 17:02:53 14360 [Note] c:\xampp\mysql\bin\mysqld.exe: ready for connections.
Version: '10.1.35-MariaDB'  socket: ''  port: 3306  mariadb.org binary distribution
2018-10-09 22:36:18 1bc8 InnoDB: Warning: Using innodb_additional_mem_pool_size is DEPRECATED. This option may be removed in future releases, together with the option innodb_use_sys_malloc and with the InnoDB's internal memory allocator.
2018-10-09 22:36:18 7112 [Note] InnoDB: innodb_empty_free_list_algorithm has been changed to legacy because of small buffer pool size. In order to use backoff, increase buffer pool at least up to 20MB.

2018-10-09 22:36:18 7112 [Note] InnoDB: Using mutexes to ref count buffer pool pages
2018-10-09 22:36:18 7112 [Note] InnoDB: The InnoDB memory heap is disabled
2018-10-09 22:36:18 7112 [Note] InnoDB: Mutexes and rw_locks use Windows interlocked functions
2018-10-09 22:36:18 7112 [Note] InnoDB: _mm_lfence() and _mm_sfence() are used for memory barrier
2018-10-09 22:36:18 7112 [Note] InnoDB: Compressed tables use zlib 1.2.3
2018-10-09 22:36:18 7112 [Note] InnoDB: Using generic crc32 instructions
2018-10-09 22:36:18 7112 [Note] InnoDB: Initializing buffer pool, size = 16.0M
2018-10-09 22:36:18 7112 [Note] InnoDB: Completed initialization of buffer pool
2018-10-09 22:36:18 7112 [Note] InnoDB: Highest supported file format is Barracuda.
2018-10-09 22:36:18 7112 [Note] InnoDB: The log sequence number 1835037 in ibdata file do not match the log sequence number 3791805 in the ib_logfiles!
2018-10-09 22:36:18 7112 [Note] InnoDB: Restoring possible half-written data pages from the doublewrite buffer...
2018-10-09 22:36:19 7112 [Note] InnoDB: 128 rollback segment(s) are active.
2018-10-09 22:36:19 7112 [Note] InnoDB: Waiting for purge to start
2018-10-09 22:36:19 7112 [Note] InnoDB:  Percona XtraDB (http://www.percona.com) 5.6.39-83.1 started; log sequence number 3791805
2018-10-09 22:36:19 12272 [Note] InnoDB: Dumping buffer pool(s) not yet started
2018-10-09 22:36:19 7112 [Note] Plugin 'FEEDBACK' is disabled.
2018-10-09 22:36:19 7112 [Note] Server socket created on IP: '::'.
2018-10-09 22:36:19 7112 [Note] c:\xampp\mysql\bin\mysqld.exe: ready for connections.
Version: '10.1.35-MariaDB'  socket: ''  port: 3306  mariadb.org binary distribution
2018-10-12 15:52:32 1cf0 InnoDB: Warning: Using innodb_additional_mem_pool_size is DEPRECATED. This option may be removed in future releases, together with the option innodb_use_sys_malloc and with the InnoDB's internal memory allocator.
2018-10-12 15:52:32 7408 [Note] InnoDB: innodb_empty_free_list_algorithm has been changed to legacy because of small buffer pool size. In order to use backoff, increase buffer pool at least up to 20MB.

2018-10-12 15:52:32 7408 [Note] InnoDB: Using mutexes to ref count buffer pool pages
2018-10-12 15:52:32 7408 [Note] InnoDB: The InnoDB memory heap is disabled
2018-10-12 15:52:32 7408 [Note] InnoDB: Mutexes and rw_locks use Windows interlocked functions
2018-10-12 15:52:32 7408 [Note] InnoDB: _mm_lfence() and _mm_sfence() are used for memory barrier
2018-10-12 15:52:32 7408 [Note] InnoDB: Compressed tables use zlib 1.2.3
2018-10-12 15:52:32 7408 [Note] InnoDB: Using generic crc32 instructions
2018-10-12 15:52:32 7408 [Note] InnoDB: Initializing buffer pool, size = 16.0M
2018-10-12 15:52:32 7408 [Note] InnoDB: Completed initialization of buffer pool
2018-10-12 15:52:33 7408 [Note] InnoDB: Highest supported file format is Barracuda.
2018-10-12 15:52:33 7408 [Note] InnoDB: The log sequence number 1835037 in ibdata file do not match the log sequence number 3806035 in the ib_logfiles!
2018-10-12 15:52:33 7408 [Note] InnoDB: Restoring possible half-written data pages from the doublewrite buffer...
2018-10-12 15:52:33 7408 [Note] InnoDB: 128 rollback segment(s) are active.
2018-10-12 15:52:33 7408 [Note] InnoDB: Waiting for purge to start
2018-10-12 15:52:33 7408 [Note] InnoDB:  Percona XtraDB (http://www.percona.com) 5.6.39-83.1 started; log sequence number 3806035
2018-10-12 15:52:33 12828 [Note] InnoDB: Dumping buffer pool(s) not yet started
2018-10-12 15:52:33 7408 [Note] Plugin 'FEEDBACK' is disabled.
2018-10-12 15:52:33 7408 [Note] Server socket created on IP: '::'.
2018-10-12 15:52:34 7408 [Note] c:\xampp\mysql\bin\mysqld.exe: ready for connections.
Version: '10.1.35-MariaDB'  socket: ''  port: 3306  mariadb.org binary distribution
2018-10-13 12:45:20 34e0 InnoDB: Warning: Using innodb_additional_mem_pool_size is DEPRECATED. This option may be removed in future releases, together with the option innodb_use_sys_malloc and with the InnoDB's internal memory allocator.
2018-10-13 12:45:20 13536 [Note] InnoDB: innodb_empty_free_list_algorithm has been changed to legacy because of small buffer pool size. In order to use backoff, increase buffer pool at least up to 20MB.

2018-10-13 12:45:20 13536 [Note] InnoDB: Using mutexes to ref count buffer pool pages
2018-10-13 12:45:20 13536 [Note] InnoDB: The InnoDB memory heap is disabled
2018-10-13 12:45:20 13536 [Note] InnoDB: Mutexes and rw_locks use Windows interlocked functions
2018-10-13 12:45:20 13536 [Note] InnoDB: _mm_lfence() and _mm_sfence() are used for memory barrier
2018-10-13 12:45:20 13536 [Note] InnoDB: Compressed tables use zlib 1.2.3
2018-10-13 12:45:20 13536 [Note] InnoDB: Using generic crc32 instructions
2018-10-13 12:45:20 13536 [Note] InnoDB: Initializing buffer pool, size = 16.0M
2018-10-13 12:45:20 13536 [Note] InnoDB: Completed initialization of buffer pool
2018-10-13 12:45:20 13536 [Note] InnoDB: Highest supported file format is Barracuda.
2018-10-13 12:45:20 13536 [Note] InnoDB: The log sequence number 1835037 in ibdata file do not match the log sequence number 3814573 in the ib_logfiles!
2018-10-13 12:45:21 13536 [Note] InnoDB: Restoring possible half-written data pages from the doublewrite buffer...
2018-10-13 12:45:21 13536 [Note] InnoDB: 128 rollback segment(s) are active.
2018-10-13 12:45:21 13536 [Note] InnoDB: Waiting for purge to start
2018-10-13 12:45:21 13536 [Note] InnoDB:  Percona XtraDB (http://www.percona.com) 5.6.39-83.1 started; log sequence number 3814573
2018-10-13 12:45:21 14324 [Note] InnoDB: Dumping buffer pool(s) not yet started
2018-10-13 12:45:21 13536 [Note] Plugin 'FEEDBACK' is disabled.
2018-10-13 12:45:21 13536 [Note] Server socket created on IP: '::'.
2018-10-13 12:45:22 13536 [Note] c:\xampp\mysql\bin\mysqld.exe: ready for connections.
Version: '10.1.35-MariaDB'  socket: ''  port: 3306  mariadb.org binary distribution
2018-10-14 16:34:00 3a6c InnoDB: Warning: Using innodb_additional_mem_pool_size is DEPRECATED. This option may be removed in future releases, together with the option innodb_use_sys_malloc and with the InnoDB's internal memory allocator.
2018-10-14 16:34:00 14956 [Note] InnoDB: innodb_empty_free_list_algorithm has been changed to legacy because of small buffer pool size. In order to use backoff, increase buffer pool at least up to 20MB.

2018-10-14 16:34:00 14956 [Note] InnoDB: Using mutexes to ref count buffer pool pages
2018-10-14 16:34:00 14956 [Note] InnoDB: The InnoDB memory heap is disabled
2018-10-14 16:34:00 14956 [Note] InnoDB: Mutexes and rw_locks use Windows interlocked functions
2018-10-14 16:34:00 14956 [Note] InnoDB: _mm_lfence() and _mm_sfence() are used for memory barrier
2018-10-14 16:34:00 14956 [Note] InnoDB: Compressed tables use zlib 1.2.3
2018-10-14 16:34:00 14956 [Note] InnoDB: Using generic crc32 instructions
2018-10-14 16:34:00 14956 [Note] InnoDB: Initializing buffer pool, size = 16.0M
2018-10-14 16:34:00 14956 [Note] InnoDB: Completed initialization of buffer pool
2018-10-14 16:34:00 14956 [Note] InnoDB: Highest supported file format is Barracuda.
2018-10-14 16:34:00 14956 [Note] InnoDB: The log sequence number 1835037 in ibdata file do not match the log sequence number 3816129 in the ib_logfiles!
2018-10-14 16:34:00 14956 [Note] InnoDB: Restoring possible half-written data pages from the doublewrite buffer...
2018-10-14 16:34:01 14956 [Note] InnoDB: 128 rollback segment(s) are active.
2018-10-14 16:34:01 14956 [Note] InnoDB: Waiting for purge to start
2018-10-14 16:34:01 14956 [Note] InnoDB:  Percona XtraDB (http://www.percona.com) 5.6.39-83.1 started; log sequence number 3816129
2018-10-14 16:34:01 15120 [Note] InnoDB: Dumping buffer pool(s) not yet started
2018-10-14 16:34:01 14956 [Note] Plugin 'FEEDBACK' is disabled.
2018-10-14 16:34:01 14956 [Note] Server socket created on IP: '::'.
2018-10-14 16:34:01 14956 [Note] c:\xampp\mysql\bin\mysqld.exe: ready for connections.
Version: '10.1.35-MariaDB'  socket: ''  port: 3306  mariadb.org binary distribution
2018-10-15 20:16:15 26a0 InnoDB: Warning: Using innodb_additional_mem_pool_size is DEPRECATED. This option may be removed in future releases, together with the option innodb_use_sys_malloc and with the InnoDB's internal memory allocator.
2018-10-15 20:16:15 9888 [Note] InnoDB: innodb_empty_free_list_algorithm has been changed to legacy because of small buffer pool size. In order to use backoff, increase buffer pool at least up to 20MB.

2018-10-15 20:16:15 9888 [Note] InnoDB: Using mutexes to ref count buffer pool pages
2018-10-15 20:16:15 9888 [Note] InnoDB: The InnoDB memory heap is disabled
2018-10-15 20:16:15 9888 [Note] InnoDB: Mutexes and rw_locks use Windows interlocked functions
2018-10-15 20:16:15 9888 [Note] InnoDB: _mm_lfence() and _mm_sfence() are used for memory barrier
2018-10-15 20:16:15 9888 [Note] InnoDB: Compressed tables use zlib 1.2.3
2018-10-15 20:16:15 9888 [Note] InnoDB: Using generic crc32 instructions
2018-10-15 20:16:15 9888 [Note] InnoDB: Initializing buffer pool, size = 16.0M
2018-10-15 20:16:15 9888 [Note] InnoDB: Completed initialization of buffer pool
2018-10-15 20:16:15 9888 [Note] InnoDB: Highest supported file format is Barracuda.
2018-10-15 20:16:15 9888 [Note] InnoDB: The log sequence number 1835037 in ibdata file do not match the log sequence number 3824192 in the ib_logfiles!
2018-10-15 20:16:15 9888 [Note] InnoDB: Restoring possible half-written data pages from the doublewrite buffer...
2018-10-15 20:16:16 9888 [Note] InnoDB: 128 rollback segment(s) are active.
2018-10-15 20:16:16 9888 [Note] InnoDB: Waiting for purge to start
2018-10-15 20:16:16 9888 [Note] InnoDB:  Percona XtraDB (http://www.percona.com) 5.6.39-83.1 started; log sequence number 3824192
2018-10-15 20:16:16 5804 [Note] InnoDB: Dumping buffer pool(s) not yet started
2018-10-15 20:16:16 9888 [Note] Plugin 'FEEDBACK' is disabled.
2018-10-15 20:16:16 9888 [Note] Server socket created on IP: '::'.
2018-10-15 20:16:16 9888 [Note] c:\xampp\mysql\bin\mysqld.exe: ready for connections.
Version: '10.1.35-MariaDB'  socket: ''  port: 3306  mariadb.org binary distribution
